model size: 12.386 GB	cache size: 0.301 GB	hidden size (p): 0.005 GB
peak gpu mem: 1.117 GB	projected: False
prefill latency: 1.026 s	prefill throughput: 140.401 token/s
decode latency: 119.776 s	decode throughput: 3.907 token/s
total latency: 120.802 s	total throughput: 3.907 token/s
model size: 12.386 GB	cache size: 0.287 GB	hidden size (p): 0.004 GB
peak gpu mem: 1.117 GB	projected: False
prefill latency: 1.024 s	prefill throughput: 113.264 token/s
decode latency: 119.768 s	decode throughput: 3.908 token/s
total latency: 120.792 s	total throughput: 3.908 token/s
model size: 12.386 GB	cache size: 0.301 GB	hidden size (p): 0.005 GB
peak gpu mem: 1.117 GB	projected: False
prefill latency: 1.024 s	prefill throughput: 140.647 token/s
decode latency: 119.752 s	decode throughput: 3.908 token/s
total latency: 120.776 s	total throughput: 3.908 token/s
model size: 12.386 GB	cache size: 0.301 GB	hidden size (p): 0.005 GB
peak gpu mem: 1.117 GB	projected: False
prefill latency: 1.024 s	prefill throughput: 140.610 token/s
decode latency: 119.769 s	decode throughput: 3.908 token/s
total latency: 120.793 s	total throughput: 3.907 token/s
model size: 12.386 GB	cache size: 0.281 GB	hidden size (p): 0.004 GB
peak gpu mem: 1.117 GB	projected: False
prefill latency: 1.024 s	prefill throughput: 101.576 token/s
decode latency: 119.752 s	decode throughput: 3.908 token/s
total latency: 120.776 s	total throughput: 3.908 token/s
model size: 12.386 GB	cache size: 0.318 GB	hidden size (p): 0.005 GB
peak gpu mem: 1.126 GB	projected: False
prefill latency: 1.026 s	prefill throughput: 175.493 token/s
decode latency: 119.769 s	decode throughput: 3.908 token/s
total latency: 120.795 s	total throughput: 3.907 token/s
model size: 12.386 GB	cache size: 0.311 GB	hidden size (p): 0.005 GB
peak gpu mem: 1.126 GB	projected: False
prefill latency: 1.025 s	prefill throughput: 160.063 token/s
decode latency: 119.755 s	decode throughput: 3.908 token/s
total latency: 120.779 s	total throughput: 3.908 token/s
model size: 12.386 GB	cache size: 0.316 GB	hidden size (p): 0.005 GB
peak gpu mem: 1.126 GB	projected: False
prefill latency: 1.024 s	prefill throughput: 171.865 token/s
decode latency: 119.752 s	decode throughput: 3.908 token/s
total latency: 120.776 s	total throughput: 3.908 token/s
model size: 12.386 GB	cache size: 0.303 GB	hidden size (p): 0.005 GB
peak gpu mem: 1.126 GB	projected: False
prefill latency: 1.024 s	prefill throughput: 144.525 token/s
decode latency: 119.770 s	decode throughput: 3.907 token/s
total latency: 120.794 s	total throughput: 3.907 token/s
model size: 12.386 GB	cache size: 0.293 GB	hidden size (p): 0.005 GB
peak gpu mem: 1.126 GB	projected: False
prefill latency: 1.024 s	prefill throughput: 125.001 token/s
decode latency: 119.755 s	decode throughput: 3.908 token/s
total latency: 120.779 s	total throughput: 3.908 token/s
