Traceback (most recent call last):
  File "/usr/lib/python3.8/runpy.py", line 194, in _run_module_as_main
    return _run_code(code, main_globals, None,
  File "/usr/lib/python3.8/runpy.py", line 87, in _run_code
    exec(code, run_globals)
  File "/home/ubuntu/flexgen/flexgen/flex_opt.py", line 1358, in <module>
    run_flexgen(args, i)
  File "/home/ubuntu/flexgen/flexgen/flex_opt.py", line 1255, in run_flexgen
    output_ids = model.generate(
  File "/home/ubuntu/flexgen/flexgen/flex_opt.py", line 891, in generate
    self.generation_loop_overlap_single_batch()
  File "/home/ubuntu/flexgen/flexgen/flex_opt.py", line 1031, in generation_loop_overlap_single_batch
    self.sync()
  File "/home/ubuntu/flexgen/flexgen/flex_opt.py", line 798, in sync
    torch.cuda.synchronize()
  File "/home/ubuntu/.local/lib/python3.8/site-packages/torch/cuda/__init__.py", line 688, in synchronize
    return torch._C._cuda_synchronize()
KeyboardInterrupt
batch_size: 8 args.overlap: True , args.cut_gen_len: 5
<run_flexgen>: args.model: facebook/opt-13b
gen_len:118 and cut_gen_len:5 and prompt_len:36 and bs:8
len(prompt):36 and prompt:Give three tips for staying healthy. and batch_size:8
len(prompt):36 and prompt:Give three tips for staying healthy. and batch_size:8
len(prompt):36 and prompt:Give three tips for staying healthy. and batch_size:8
len(prompt):36 and prompt:Give three tips for staying healthy. and batch_size:8
len(prompt):36 and prompt:Give three tips for staying healthy. and batch_size:8
len(prompt):36 and prompt:Give three tips for staying healthy. and batch_size:8
len(prompt):36 and prompt:Give three tips for staying healthy. and batch_size:8
len(prompt):36 and prompt:Give three tips for staying healthy. and batch_size:8
input_prompt:36
input_prompt:36
input_prompt:36
input_prompt:36
input_prompt:36
input_prompt:36
input_prompt:36
input_prompt:36
input_ids:[[1, 1, 1, 1, 1, 1, 1, 1, 1, 1, 1, 1, 1, 1, 1, 1, 1, 1, 1, 1, 1, 1, 1, 1, 2, 31033, 130, 4965, 13, 4959, 2245, 4], [1, 1, 1, 1, 1, 1, 1, 1, 1, 1, 1, 1, 1, 1, 1, 1, 1, 1, 1, 1, 1, 1, 1, 1, 2, 31033, 130, 4965, 13, 4959, 2245, 4], [1, 1, 1, 1, 1, 1, 1, 1, 1, 1, 1, 1, 1, 1, 1, 1, 1, 1, 1, 1, 1, 1, 1, 1, 2, 31033, 130, 4965, 13, 4959, 2245, 4], [1, 1, 1, 1, 1, 1, 1, 1, 1, 1, 1, 1, 1, 1, 1, 1, 1, 1, 1, 1, 1, 1, 1, 1, 2, 31033, 130, 4965, 13, 4959, 2245, 4], [1, 1, 1, 1, 1, 1, 1, 1, 1, 1, 1, 1, 1, 1, 1, 1, 1, 1, 1, 1, 1, 1, 1, 1, 2, 31033, 130, 4965, 13, 4959, 2245, 4], [1, 1, 1, 1, 1, 1, 1, 1, 1, 1, 1, 1, 1, 1, 1, 1, 1, 1, 1, 1, 1, 1, 1, 1, 2, 31033, 130, 4965, 13, 4959, 2245, 4], [1, 1, 1, 1, 1, 1, 1, 1, 1, 1, 1, 1, 1, 1, 1, 1, 1, 1, 1, 1, 1, 1, 1, 1, 2, 31033, 130, 4965, 13, 4959, 2245, 4], [1, 1, 1, 1, 1, 1, 1, 1, 1, 1, 1, 1, 1, 1, 1, 1, 1, 1, 1, 1, 1, 1, 1, 1, 2, 31033, 130, 4965, 13, 4959, 2245, 4]]
len(prompt):36 and prompt:Give three tips for staying healthy. and batch_size:8
len(prompt):36 and prompt:Give three tips for staying healthy. and batch_size:8
len(prompt):36 and prompt:Give three tips for staying healthy. and batch_size:8
len(prompt):36 and prompt:Give three tips for staying healthy. and batch_size:8
len(prompt):36 and prompt:Give three tips for staying healthy. and batch_size:8
len(prompt):36 and prompt:Give three tips for staying healthy. and batch_size:8
len(prompt):36 and prompt:Give three tips for staying healthy. and batch_size:8
len(prompt):36 and prompt:Give three tips for staying healthy. and batch_size:8
input_prompt:36
input_prompt:36
input_prompt:36
input_prompt:36
input_prompt:36
input_prompt:36
input_prompt:36
input_prompt:36
input_ids:[[1, 1, 1, 1, 1, 1, 1, 1, 1, 1, 1, 1, 1, 1, 1, 1, 1, 1, 1, 1, 1, 1, 1, 1, 1, 1, 1, 1, 2, 31033, 130, 4965, 13, 4959, 2245, 4], [1, 1, 1, 1, 1, 1, 1, 1, 1, 1, 1, 1, 1, 1, 1, 1, 1, 1, 1, 1, 1, 1, 1, 1, 1, 1, 1, 1, 2, 31033, 130, 4965, 13, 4959, 2245, 4], [1, 1, 1, 1, 1, 1, 1, 1, 1, 1, 1, 1, 1, 1, 1, 1, 1, 1, 1, 1, 1, 1, 1, 1, 1, 1, 1, 1, 2, 31033, 130, 4965, 13, 4959, 2245, 4], [1, 1, 1, 1, 1, 1, 1, 1, 1, 1, 1, 1, 1, 1, 1, 1, 1, 1, 1, 1, 1, 1, 1, 1, 1, 1, 1, 1, 2, 31033, 130, 4965, 13, 4959, 2245, 4], [1, 1, 1, 1, 1, 1, 1, 1, 1, 1, 1, 1, 1, 1, 1, 1, 1, 1, 1, 1, 1, 1, 1, 1, 1, 1, 1, 1, 2, 31033, 130, 4965, 13, 4959, 2245, 4], [1, 1, 1, 1, 1, 1, 1, 1, 1, 1, 1, 1, 1, 1, 1, 1, 1, 1, 1, 1, 1, 1, 1, 1, 1, 1, 1, 1, 2, 31033, 130, 4965, 13, 4959, 2245, 4], [1, 1, 1, 1, 1, 1, 1, 1, 1, 1, 1, 1, 1, 1, 1, 1, 1, 1, 1, 1, 1, 1, 1, 1, 1, 1, 1, 1, 2, 31033, 130, 4965, 13, 4959, 2245, 4], [1, 1, 1, 1, 1, 1, 1, 1, 1, 1, 1, 1, 1, 1, 1, 1, 1, 1, 1, 1, 1, 1, 1, 1, 1, 1, 1, 1, 2, 31033, 130, 4965, 13, 4959, 2245, 4]]
model size: 23.921 GB, cache size: 0.940 GB, hidden size (prefill): 0.012 GB
init weight...
num_layers:82 and num_gpu_batches:1
dtype:<class 'numpy.float16'>
dtype:<class 'numpy.float16'>
dtype:<class 'numpy.float16'>
dtype:<class 'numpy.float16'>
dtype:<class 'numpy.float16'>
dtype:<class 'numpy.float16'>
dtype:<class 'numpy.float16'>
dtype:<class 'numpy.float16'>
dtype:<class 'numpy.float16'>
dtype:<class 'numpy.float16'>
dtype:<class 'numpy.float16'>
dtype:<class 'numpy.float16'>
dtype:<class 'numpy.float16'>
dtype:<class 'numpy.float16'>
dtype:<class 'numpy.float16'>
dtype:<class 'numpy.float16'>
dtype:<class 'numpy.float16'>
dtype:<class 'numpy.float16'>
dtype:<class 'numpy.float16'>
dtype:<class 'numpy.float16'>
dtype:<class 'numpy.float16'>
dtype:<class 'numpy.float16'>
dtype:<class 'numpy.float16'>
dtype:<class 'numpy.float16'>
dtype:<class 'numpy.float16'>
dtype:<class 'numpy.float16'>
dtype:<class 'numpy.float16'>
dtype:<class 'numpy.float16'>
dtype:<class 'numpy.float16'>
dtype:<class 'numpy.float16'>
dtype:<class 'numpy.float16'>
dtype:<class 'numpy.float16'>
dtype:<class 'numpy.float16'>
dtype:<class 'numpy.float16'>
dtype:<class 'numpy.float16'>
dtype:<class 'numpy.float16'>
dtype:<class 'numpy.float16'>
dtype:<class 'numpy.float16'>
dtype:<class 'numpy.float16'>
dtype:<class 'numpy.float16'>
warmup - generate
benchmark - generate
