/home/lambda/.local/lib/python3.10/site-packages/torch/distributed/distributed_c10d.py:262: UserWarning: torch.distributed.reduce_op is deprecated, please use torch.distributed.ReduceOp instead
  warnings.warn(
batch_size: 1 args.overlap: True , args.cut_gen_len: 5
<run_flexgen>: args.model: facebook/opt-30b
get_test_inputs, prompt_len:32 and batch_size:1
prompts:['Write a detailed product description for a food chopper tool that lets you chop fruits and vegetables.']
len(prompt):102
input_prompt:102
get_test_inputs, prompt_len:64 and batch_size:1
prompts:['Write a detailed product description for a food chopper tool that lets you chop fruits and vegetables.']
len(prompt):102
input_prompt:102
model size: 55.803 GB, cache size: 0.246 GB, hidden size (prefill): 0.003 GB
init weight...
warmup - generate
benchmark - generate
decode_costs: [9.681296626000403, 9.67536769400067, 9.674662753999655, 9.562687116000234]
Outputs:
----------------------------------------------------------------------
0: Write a detailed product description for a food chopper tool that lets you chop fruits and vegetables.

The food cho
----------------------------------------------------------------------

TorchDevice: cuda:0
  cur_mem: 0.0312 GB,  peak_mem: 1.7214 GB
TorchDevice: cpu
  cur_mem: 56.4719 GB,  peak_mem: 0.0000 GB
model size: 55.803 GB	cache size: 0.246 GB	hidden size (p): 0.003 GB
peak gpu mem: 1.721 GB	projected: True
prefill latency: 9.678 s	prefill throughput: 6.613 token/s
decode latency: 1221.691 s	decode throughput: 0.104 token/s
total latency: 1231.370 s	total throughput: 0.104 token/s
