batch_size: 8 args.overlap: True , args.cut_gen_len: 5
<run_flexgen>: args.model: facebook/opt-13b
gen_len:118 and cut_gen_len:5 and prompt_len:36 and bs:8
len(prompt):36 and prompt:Give three tips for staying healthy. and batch_size:8
len(prompt):36 and prompt:Give three tips for staying healthy. and batch_size:8
len(prompt):36 and prompt:Give three tips for staying healthy. and batch_size:8
len(prompt):36 and prompt:Give three tips for staying healthy. and batch_size:8
len(prompt):36 and prompt:Give three tips for staying healthy. and batch_size:8
len(prompt):36 and prompt:Give three tips for staying healthy. and batch_size:8
len(prompt):36 and prompt:Give three tips for staying healthy. and batch_size:8
len(prompt):36 and prompt:Give three tips for staying healthy. and batch_size:8
input_prompt:36
input_prompt:36
input_prompt:36
input_prompt:36
input_prompt:36
input_prompt:36
input_prompt:36
input_prompt:36
input_ids:[[1, 1, 1, 1, 1, 1, 1, 1, 1, 1, 1, 1, 1, 1, 1, 1, 1, 1, 1, 1, 1, 1, 1, 1, 2, 31033, 130, 4965, 13, 4959, 2245, 4], [1, 1, 1, 1, 1, 1, 1, 1, 1, 1, 1, 1, 1, 1, 1, 1, 1, 1, 1, 1, 1, 1, 1, 1, 2, 31033, 130, 4965, 13, 4959, 2245, 4], [1, 1, 1, 1, 1, 1, 1, 1, 1, 1, 1, 1, 1, 1, 1, 1, 1, 1, 1, 1, 1, 1, 1, 1, 2, 31033, 130, 4965, 13, 4959, 2245, 4], [1, 1, 1, 1, 1, 1, 1, 1, 1, 1, 1, 1, 1, 1, 1, 1, 1, 1, 1, 1, 1, 1, 1, 1, 2, 31033, 130, 4965, 13, 4959, 2245, 4], [1, 1, 1, 1, 1, 1, 1, 1, 1, 1, 1, 1, 1, 1, 1, 1, 1, 1, 1, 1, 1, 1, 1, 1, 2, 31033, 130, 4965, 13, 4959, 2245, 4], [1, 1, 1, 1, 1, 1, 1, 1, 1, 1, 1, 1, 1, 1, 1, 1, 1, 1, 1, 1, 1, 1, 1, 1, 2, 31033, 130, 4965, 13, 4959, 2245, 4], [1, 1, 1, 1, 1, 1, 1, 1, 1, 1, 1, 1, 1, 1, 1, 1, 1, 1, 1, 1, 1, 1, 1, 1, 2, 31033, 130, 4965, 13, 4959, 2245, 4], [1, 1, 1, 1, 1, 1, 1, 1, 1, 1, 1, 1, 1, 1, 1, 1, 1, 1, 1, 1, 1, 1, 1, 1, 2, 31033, 130, 4965, 13, 4959, 2245, 4]]
len(prompt):36 and prompt:Give three tips for staying healthy. and batch_size:8
len(prompt):36 and prompt:Give three tips for staying healthy. and batch_size:8
len(prompt):36 and prompt:Give three tips for staying healthy. and batch_size:8
len(prompt):36 and prompt:Give three tips for staying healthy. and batch_size:8
len(prompt):36 and prompt:Give three tips for staying healthy. and batch_size:8
len(prompt):36 and prompt:Give three tips for staying healthy. and batch_size:8
len(prompt):36 and prompt:Give three tips for staying healthy. and batch_size:8
len(prompt):36 and prompt:Give three tips for staying healthy. and batch_size:8
input_prompt:36
input_prompt:36
input_prompt:36
input_prompt:36
input_prompt:36
input_prompt:36
input_prompt:36
input_prompt:36
input_ids:[[1, 1, 1, 1, 1, 1, 1, 1, 1, 1, 1, 1, 1, 1, 1, 1, 1, 1, 1, 1, 1, 1, 1, 1, 1, 1, 1, 1, 2, 31033, 130, 4965, 13, 4959, 2245, 4], [1, 1, 1, 1, 1, 1, 1, 1, 1, 1, 1, 1, 1, 1, 1, 1, 1, 1, 1, 1, 1, 1, 1, 1, 1, 1, 1, 1, 2, 31033, 130, 4965, 13, 4959, 2245, 4], [1, 1, 1, 1, 1, 1, 1, 1, 1, 1, 1, 1, 1, 1, 1, 1, 1, 1, 1, 1, 1, 1, 1, 1, 1, 1, 1, 1, 2, 31033, 130, 4965, 13, 4959, 2245, 4], [1, 1, 1, 1, 1, 1, 1, 1, 1, 1, 1, 1, 1, 1, 1, 1, 1, 1, 1, 1, 1, 1, 1, 1, 1, 1, 1, 1, 2, 31033, 130, 4965, 13, 4959, 2245, 4], [1, 1, 1, 1, 1, 1, 1, 1, 1, 1, 1, 1, 1, 1, 1, 1, 1, 1, 1, 1, 1, 1, 1, 1, 1, 1, 1, 1, 2, 31033, 130, 4965, 13, 4959, 2245, 4], [1, 1, 1, 1, 1, 1, 1, 1, 1, 1, 1, 1, 1, 1, 1, 1, 1, 1, 1, 1, 1, 1, 1, 1, 1, 1, 1, 1, 2, 31033, 130, 4965, 13, 4959, 2245, 4], [1, 1, 1, 1, 1, 1, 1, 1, 1, 1, 1, 1, 1, 1, 1, 1, 1, 1, 1, 1, 1, 1, 1, 1, 1, 1, 1, 1, 2, 31033, 130, 4965, 13, 4959, 2245, 4], [1, 1, 1, 1, 1, 1, 1, 1, 1, 1, 1, 1, 1, 1, 1, 1, 1, 1, 1, 1, 1, 1, 1, 1, 1, 1, 1, 1, 2, 31033, 130, 4965, 13, 4959, 2245, 4]]
model size: 23.921 GB, cache size: 0.940 GB, hidden size (prefill): 0.012 GB
init weight...
num_layers:82 and num_gpu_batches:1
dtype:<class 'numpy.float16'>
dtype:<class 'numpy.float16'>
dtype:<class 'numpy.float16'>
dtype:<class 'numpy.float16'>
dtype:<class 'numpy.float16'>
dtype:<class 'numpy.float16'>
dtype:<class 'numpy.float16'>
dtype:<class 'numpy.float16'>
dtype:<class 'numpy.float16'>
dtype:<class 'numpy.float16'>
dtype:<class 'numpy.float16'>
dtype:<class 'numpy.float16'>
dtype:<class 'numpy.float16'>
dtype:<class 'numpy.float16'>
dtype:<class 'numpy.float16'>
dtype:<class 'numpy.float16'>
dtype:<class 'numpy.float16'>
dtype:<class 'numpy.float16'>
dtype:<class 'numpy.float16'>
dtype:<class 'numpy.float16'>
dtype:<class 'numpy.float16'>
dtype:<class 'numpy.float16'>
dtype:<class 'numpy.float16'>
dtype:<class 'numpy.float16'>
dtype:<class 'numpy.float16'>
dtype:<class 'numpy.float16'>
dtype:<class 'numpy.float16'>
dtype:<class 'numpy.float16'>
dtype:<class 'numpy.float16'>
dtype:<class 'numpy.float16'>
dtype:<class 'numpy.float16'>
dtype:<class 'numpy.float16'>
dtype:<class 'numpy.float16'>
dtype:<class 'numpy.float16'>
dtype:<class 'numpy.float16'>
dtype:<class 'numpy.float16'>
dtype:<class 'numpy.float16'>
dtype:<class 'numpy.float16'>
dtype:<class 'numpy.float16'>
dtype:<class 'numpy.float16'>
warmup - generate
benchmark - generate
num_prompts:8 and gen_len:118 and decode_latency:228.42820527899937 
total_per_token_latency:1.9524113744237233
Outputs:
----------------------------------------------------------------------
0: Give three tips for staying healthy.

1. Eat a balanced diet.

2. Exercise regularly.

3. Get enough sleep.

What is your favorite healthy food?

I love to eat a variety of foods. I love to eat a variety of foods. I love to eat a variety of foods. I love to eat a variety of foods. I love to eat a variety of foods. I love to eat a variety of foods. I love to eat a variety of foods. I love to eat a variety of foods. I love to eat a variety of foods. I love
----------------------------------------------------------------------

Outputs:
----------------------------------------------------------------------
1: Give three tips for staying healthy.

1. Eat a balanced diet.

2. Exercise regularly.

3. Get enough sleep.

What is your favorite healthy food?

I love to eat a variety of foods. I love to eat a variety of foods. I love to eat a variety of foods. I love to eat a variety of foods. I love to eat a variety of foods. I love to eat a variety of foods. I love to eat a variety of foods. I love to eat a variety of foods. I love to eat a variety of foods. I love
----------------------------------------------------------------------

Outputs:
----------------------------------------------------------------------
2: Give three tips for staying healthy.

1. Eat a balanced diet.

2. Exercise regularly.

3. Get enough sleep.

What is your favorite healthy food?

I love to eat a variety of foods. I love to eat a variety of foods. I love to eat a variety of foods. I love to eat a variety of foods. I love to eat a variety of foods. I love to eat a variety of foods. I love to eat a variety of foods. I love to eat a variety of foods. I love to eat a variety of foods. I love
----------------------------------------------------------------------

Outputs:
----------------------------------------------------------------------
3: Give three tips for staying healthy.

1. Eat a balanced diet.

2. Exercise regularly.

3. Get enough sleep.

What is your favorite healthy food?

I love to eat a variety of foods. I love to eat a variety of foods. I love to eat a variety of foods. I love to eat a variety of foods. I love to eat a variety of foods. I love to eat a variety of foods. I love to eat a variety of foods. I love to eat a variety of foods. I love to eat a variety of foods. I love
----------------------------------------------------------------------

Outputs:
----------------------------------------------------------------------
4: Give three tips for staying healthy.

1. Eat a balanced diet.

2. Exercise regularly.

3. Get enough sleep.

What is your favorite healthy food?

I love to eat a variety of foods. I love to eat a variety of foods. I love to eat a variety of foods. I love to eat a variety of foods. I love to eat a variety of foods. I love to eat a variety of foods. I love to eat a variety of foods. I love to eat a variety of foods. I love to eat a variety of foods. I love
----------------------------------------------------------------------

