/home/lambda/.local/lib/python3.10/site-packages/torch/distributed/distributed_c10d.py:262: UserWarning: torch.distributed.reduce_op is deprecated, please use torch.distributed.ReduceOp instead
  warnings.warn(
batch_size: 2 args.overlap: True
<run_flexgen>: args.model: facebook/opt-6.7b
get_test_inputs, prompt_len:32 and batch_size:2
prompts:['Write a detailed product description for a food chopper tool that lets you chop fruits and vegetables.', 'Write a short blog post (500 words) about the best dog toys for new dog owners.']
len(prompt):102
len(prompt):79
input_prompt:102
input_prompt:79
get_test_inputs, prompt_len:64 and batch_size:2
prompts:['Write a detailed product description for a food chopper tool that lets you chop fruits and vegetables.', 'Write a short blog post (500 words) about the best dog toys for new dog owners.']
len(prompt):102
len(prompt):79
input_prompt:102
input_prompt:79
model size: 12.386 GB, cache size: 0.188 GB, hidden size (prefill): 0.003 GB
init weight...
warmup - generate
benchmark - generate
Outputs:
----------------------------------------------------------------------
0: Write a detailed product description for a food chopper tool that lets you chop fruits and vegetables.

Write a detailed product description for a food chopper tool that lets you chop fruits and vegetables.

Write a detailed product description for a food chopper tool that lets you chop fruits and vegetables.

Write a detailed product description for a food chopper tool that lets you chop fruits and vegetables.

Write a detailed product description for a food chopper tool that lets you chop fruits and vegetables.

Write a detailed product description for a food chopper tool that lets you chop fruits and vegetables.

Write a detailed product description for a food chopper tool that lets you chop fruits and vegetables.


----------------------------------------------------------------------

Outputs:
----------------------------------------------------------------------
1: Write a detailed product description for a food chopper tool that lets you chop fruits and vegetables.

Write a detailed product description for a food chopper tool that lets you chop fruits and vegetables.

Write a detailed product description for a food chopper tool that lets you chop fruits and vegetables.

Write a detailed product description for a food chopper tool that lets you chop fruits and vegetables.

Write a detailed product description for a food chopper tool that lets you chop fruits and vegetables.

Write a detailed product description for a food chopper tool that lets you chop fruits and vegetables.

Write a detailed product description for a food chopper tool that lets you chop fruits and vegetables.


----------------------------------------------------------------------

TorchDevice: cuda:0
  cur_mem: 7.7857 GB,  peak_mem: 8.1372 GB
TorchDevice: cpu
  cur_mem: 5.0003 GB,  peak_mem: 0.0000 GB
model size: 12.386 GB	cache size: 0.188 GB	hidden size (p): 0.003 GB
peak gpu mem: 8.137 GB	projected: False
prefill latency: 0.866 s	prefill throughput: 147.808 token/s
decode latency: 109.708 s	decode throughput: 2.315 token/s
total latency: 110.574 s	total throughput: 2.315 token/s
