batch_size: 16 args.overlap: True , args.cut_gen_len: 5
<run_flexgen>: args.model: facebook/opt-30b
gen_len:92 and cut_gen_len:5
get_test_inputs, prompt_len:32 and batch_size:16
prompts:['Give three tips for staying healthy.', 'Give three tips for staying healthy.', 'Give three tips for staying healthy.', 'Give three tips for staying healthy.', 'Give three tips for staying healthy.', 'Give three tips for staying healthy.', 'Give three tips for staying healthy.', 'Give three tips for staying healthy.', 'Give three tips for staying healthy.', 'Give three tips for staying healthy.', 'Give three tips for staying healthy.', 'Give three tips for staying healthy.', 'Give three tips for staying healthy.', 'Give three tips for staying healthy.', 'Give three tips for staying healthy.', 'Give three tips for staying healthy.']
len(prompt):36
len(prompt):36
len(prompt):36
len(prompt):36
len(prompt):36
len(prompt):36
len(prompt):36
len(prompt):36
len(prompt):36
len(prompt):36
len(prompt):36
len(prompt):36
len(prompt):36
len(prompt):36
len(prompt):36
len(prompt):36
input_prompt:36
input_prompt:36
input_prompt:36
input_prompt:36
input_prompt:36
input_prompt:36
input_prompt:36
input_prompt:36
input_prompt:36
input_prompt:36
input_prompt:36
input_prompt:36
input_prompt:36
input_prompt:36
input_prompt:36
input_prompt:36
input_ids:[[1, 1, 1, 1, 1, 1, 1, 1, 1, 1, 1, 1, 1, 1, 1, 1, 1, 1, 1, 1, 1, 1, 1, 1, 2, 31033, 130, 4965, 13, 4959, 2245, 4], [1, 1, 1, 1, 1, 1, 1, 1, 1, 1, 1, 1, 1, 1, 1, 1, 1, 1, 1, 1, 1, 1, 1, 1, 2, 31033, 130, 4965, 13, 4959, 2245, 4], [1, 1, 1, 1, 1, 1, 1, 1, 1, 1, 1, 1, 1, 1, 1, 1, 1, 1, 1, 1, 1, 1, 1, 1, 2, 31033, 130, 4965, 13, 4959, 2245, 4], [1, 1, 1, 1, 1, 1, 1, 1, 1, 1, 1, 1, 1, 1, 1, 1, 1, 1, 1, 1, 1, 1, 1, 1, 2, 31033, 130, 4965, 13, 4959, 2245, 4], [1, 1, 1, 1, 1, 1, 1, 1, 1, 1, 1, 1, 1, 1, 1, 1, 1, 1, 1, 1, 1, 1, 1, 1, 2, 31033, 130, 4965, 13, 4959, 2245, 4], [1, 1, 1, 1, 1, 1, 1, 1, 1, 1, 1, 1, 1, 1, 1, 1, 1, 1, 1, 1, 1, 1, 1, 1, 2, 31033, 130, 4965, 13, 4959, 2245, 4], [1, 1, 1, 1, 1, 1, 1, 1, 1, 1, 1, 1, 1, 1, 1, 1, 1, 1, 1, 1, 1, 1, 1, 1, 2, 31033, 130, 4965, 13, 4959, 2245, 4], [1, 1, 1, 1, 1, 1, 1, 1, 1, 1, 1, 1, 1, 1, 1, 1, 1, 1, 1, 1, 1, 1, 1, 1, 2, 31033, 130, 4965, 13, 4959, 2245, 4], [1, 1, 1, 1, 1, 1, 1, 1, 1, 1, 1, 1, 1, 1, 1, 1, 1, 1, 1, 1, 1, 1, 1, 1, 2, 31033, 130, 4965, 13, 4959, 2245, 4], [1, 1, 1, 1, 1, 1, 1, 1, 1, 1, 1, 1, 1, 1, 1, 1, 1, 1, 1, 1, 1, 1, 1, 1, 2, 31033, 130, 4965, 13, 4959, 2245, 4], [1, 1, 1, 1, 1, 1, 1, 1, 1, 1, 1, 1, 1, 1, 1, 1, 1, 1, 1, 1, 1, 1, 1, 1, 2, 31033, 130, 4965, 13, 4959, 2245, 4], [1, 1, 1, 1, 1, 1, 1, 1, 1, 1, 1, 1, 1, 1, 1, 1, 1, 1, 1, 1, 1, 1, 1, 1, 2, 31033, 130, 4965, 13, 4959, 2245, 4], [1, 1, 1, 1, 1, 1, 1, 1, 1, 1, 1, 1, 1, 1, 1, 1, 1, 1, 1, 1, 1, 1, 1, 1, 2, 31033, 130, 4965, 13, 4959, 2245, 4], [1, 1, 1, 1, 1, 1, 1, 1, 1, 1, 1, 1, 1, 1, 1, 1, 1, 1, 1, 1, 1, 1, 1, 1, 2, 31033, 130, 4965, 13, 4959, 2245, 4], [1, 1, 1, 1, 1, 1, 1, 1, 1, 1, 1, 1, 1, 1, 1, 1, 1, 1, 1, 1, 1, 1, 1, 1, 2, 31033, 130, 4965, 13, 4959, 2245, 4], [1, 1, 1, 1, 1, 1, 1, 1, 1, 1, 1, 1, 1, 1, 1, 1, 1, 1, 1, 1, 1, 1, 1, 1, 2, 31033, 130, 4965, 13, 4959, 2245, 4]]
get_test_inputs, prompt_len:36 and batch_size:16
prompts:['Give three tips for staying healthy.', 'Give three tips for staying healthy.', 'Give three tips for staying healthy.', 'Give three tips for staying healthy.', 'Give three tips for staying healthy.', 'Give three tips for staying healthy.', 'Give three tips for staying healthy.', 'Give three tips for staying healthy.', 'Give three tips for staying healthy.', 'Give three tips for staying healthy.', 'Give three tips for staying healthy.', 'Give three tips for staying healthy.', 'Give three tips for staying healthy.', 'Give three tips for staying healthy.', 'Give three tips for staying healthy.', 'Give three tips for staying healthy.']
len(prompt):36
len(prompt):36
len(prompt):36
len(prompt):36
len(prompt):36
len(prompt):36
len(prompt):36
len(prompt):36
len(prompt):36
len(prompt):36
len(prompt):36
len(prompt):36
len(prompt):36
len(prompt):36
len(prompt):36
len(prompt):36
input_prompt:36
input_prompt:36
input_prompt:36
input_prompt:36
input_prompt:36
input_prompt:36
input_prompt:36
input_prompt:36
input_prompt:36
input_prompt:36
input_prompt:36
input_prompt:36
input_prompt:36
input_prompt:36
input_prompt:36
input_prompt:36
input_ids:[[1, 1, 1, 1, 1, 1, 1, 1, 1, 1, 1, 1, 1, 1, 1, 1, 1, 1, 1, 1, 1, 1, 1, 1, 1, 1, 1, 1, 2, 31033, 130, 4965, 13, 4959, 2245, 4], [1, 1, 1, 1, 1, 1, 1, 1, 1, 1, 1, 1, 1, 1, 1, 1, 1, 1, 1, 1, 1, 1, 1, 1, 1, 1, 1, 1, 2, 31033, 130, 4965, 13, 4959, 2245, 4], [1, 1, 1, 1, 1, 1, 1, 1, 1, 1, 1, 1, 1, 1, 1, 1, 1, 1, 1, 1, 1, 1, 1, 1, 1, 1, 1, 1, 2, 31033, 130, 4965, 13, 4959, 2245, 4], [1, 1, 1, 1, 1, 1, 1, 1, 1, 1, 1, 1, 1, 1, 1, 1, 1, 1, 1, 1, 1, 1, 1, 1, 1, 1, 1, 1, 2, 31033, 130, 4965, 13, 4959, 2245, 4], [1, 1, 1, 1, 1, 1, 1, 1, 1, 1, 1, 1, 1, 1, 1, 1, 1, 1, 1, 1, 1, 1, 1, 1, 1, 1, 1, 1, 2, 31033, 130, 4965, 13, 4959, 2245, 4], [1, 1, 1, 1, 1, 1, 1, 1, 1, 1, 1, 1, 1, 1, 1, 1, 1, 1, 1, 1, 1, 1, 1, 1, 1, 1, 1, 1, 2, 31033, 130, 4965, 13, 4959, 2245, 4], [1, 1, 1, 1, 1, 1, 1, 1, 1, 1, 1, 1, 1, 1, 1, 1, 1, 1, 1, 1, 1, 1, 1, 1, 1, 1, 1, 1, 2, 31033, 130, 4965, 13, 4959, 2245, 4], [1, 1, 1, 1, 1, 1, 1, 1, 1, 1, 1, 1, 1, 1, 1, 1, 1, 1, 1, 1, 1, 1, 1, 1, 1, 1, 1, 1, 2, 31033, 130, 4965, 13, 4959, 2245, 4], [1, 1, 1, 1, 1, 1, 1, 1, 1, 1, 1, 1, 1, 1, 1, 1, 1, 1, 1, 1, 1, 1, 1, 1, 1, 1, 1, 1, 2, 31033, 130, 4965, 13, 4959, 2245, 4], [1, 1, 1, 1, 1, 1, 1, 1, 1, 1, 1, 1, 1, 1, 1, 1, 1, 1, 1, 1, 1, 1, 1, 1, 1, 1, 1, 1, 2, 31033, 130, 4965, 13, 4959, 2245, 4], [1, 1, 1, 1, 1, 1, 1, 1, 1, 1, 1, 1, 1, 1, 1, 1, 1, 1, 1, 1, 1, 1, 1, 1, 1, 1, 1, 1, 2, 31033, 130, 4965, 13, 4959, 2245, 4], [1, 1, 1, 1, 1, 1, 1, 1, 1, 1, 1, 1, 1, 1, 1, 1, 1, 1, 1, 1, 1, 1, 1, 1, 1, 1, 1, 1, 2, 31033, 130, 4965, 13, 4959, 2245, 4], [1, 1, 1, 1, 1, 1, 1, 1, 1, 1, 1, 1, 1, 1, 1, 1, 1, 1, 1, 1, 1, 1, 1, 1, 1, 1, 1, 1, 2, 31033, 130, 4965, 13, 4959, 2245, 4], [1, 1, 1, 1, 1, 1, 1, 1, 1, 1, 1, 1, 1, 1, 1, 1, 1, 1, 1, 1, 1, 1, 1, 1, 1, 1, 1, 1, 2, 31033, 130, 4965, 13, 4959, 2245, 4], [1, 1, 1, 1, 1, 1, 1, 1, 1, 1, 1, 1, 1, 1, 1, 1, 1, 1, 1, 1, 1, 1, 1, 1, 1, 1, 1, 1, 2, 31033, 130, 4965, 13, 4959, 2245, 4], [1, 1, 1, 1, 1, 1, 1, 1, 1, 1, 1, 1, 1, 1, 1, 1, 1, 1, 1, 1, 1, 1, 1, 1, 1, 1, 1, 1, 2, 31033, 130, 4965, 13, 4959, 2245, 4]]
model size: 55.803 GB, cache size: 2.625 GB, hidden size (prefill): 0.027 GB
init weight...
num_layers:98 and num_gpu_batches:1
dtype:<class 'numpy.float16'>
dtype:<class 'numpy.float16'>
dtype:<class 'numpy.float16'>
dtype:<class 'numpy.float16'>
dtype:<class 'numpy.float16'>
dtype:<class 'numpy.float16'>
dtype:<class 'numpy.float16'>
dtype:<class 'numpy.float16'>
dtype:<class 'numpy.float16'>
dtype:<class 'numpy.float16'>
dtype:<class 'numpy.float16'>
dtype:<class 'numpy.float16'>
dtype:<class 'numpy.float16'>
dtype:<class 'numpy.float16'>
dtype:<class 'numpy.float16'>
dtype:<class 'numpy.float16'>
dtype:<class 'numpy.float16'>
dtype:<class 'numpy.float16'>
dtype:<class 'numpy.float16'>
dtype:<class 'numpy.float16'>
dtype:<class 'numpy.float16'>
dtype:<class 'numpy.float16'>
dtype:<class 'numpy.float16'>
dtype:<class 'numpy.float16'>
dtype:<class 'numpy.float16'>
dtype:<class 'numpy.float16'>
dtype:<class 'numpy.float16'>
dtype:<class 'numpy.float16'>
dtype:<class 'numpy.float16'>
dtype:<class 'numpy.float16'>
dtype:<class 'numpy.float16'>
dtype:<class 'numpy.float16'>
dtype:<class 'numpy.float16'>
dtype:<class 'numpy.float16'>
dtype:<class 'numpy.float16'>
dtype:<class 'numpy.float16'>
dtype:<class 'numpy.float16'>
dtype:<class 'numpy.float16'>
dtype:<class 'numpy.float16'>
dtype:<class 'numpy.float16'>
dtype:<class 'numpy.float16'>
dtype:<class 'numpy.float16'>
dtype:<class 'numpy.float16'>
dtype:<class 'numpy.float16'>
dtype:<class 'numpy.float16'>
dtype:<class 'numpy.float16'>
dtype:<class 'numpy.float16'>
dtype:<class 'numpy.float16'>
warmup - generate
benchmark - generate
num_prompts:16 and gen_len:92 and decode_latency:410.4175576459975 
/home/ubuntu/.local/lib/python3.8/site-packages/torch/distributed/distributed_c10d.py:293: UserWarning: torch.distributed.reduce_op is deprecated, please use torch.distributed.ReduceOp instead
  warnings.warn(
/home/ubuntu/flexgen/flexgen/utils.py:132: UserWarning: TypedStorage is deprecated. It will be removed in the future and UntypedStorage will be the only storage class. This should only matter to you if you are using storages directly.  To access UntypedStorage directly, use tensor.untyped_storage() instead of tensor.storage()
  data_ptr = tensor.storage().data_ptr()
Outputs:
----------------------------------------------------------------------
0: Give three tips for staying healthy.
1. Eat healthy. 2. Exercise. 3. Don't be a dick.                                                                          
----------------------------------------------------------------------

Outputs:
----------------------------------------------------------------------
1: Give three tips for staying healthy.
1. Eat healthy. 2. Exercise. 3. Don't be a dick.                                                                          
----------------------------------------------------------------------

Outputs:
----------------------------------------------------------------------
2: Give three tips for staying healthy.
1. Eat healthy. 2. Exercise. 3. Don't be a dick.                                                                          
----------------------------------------------------------------------

Outputs:
----------------------------------------------------------------------
3: Give three tips for staying healthy.
1. Eat healthy. 2. Exercise. 3. Don't be a dick.                                                                          
----------------------------------------------------------------------

Outputs:
----------------------------------------------------------------------
4: Give three tips for staying healthy.
1. Eat healthy. 2. Exercise. 3. Don't be a dick.                                                                          
----------------------------------------------------------------------

Outputs:
----------------------------------------------------------------------
5: Give three tips for staying healthy.
1. Eat healthy. 2. Exercise. 3. Don't be a dick.                                                                          
----------------------------------------------------------------------

Outputs:
----------------------------------------------------------------------
6: Give three tips for staying healthy.
1. Eat healthy. 2. Exercise. 3. Don't be a dick.                                                                          
----------------------------------------------------------------------

Outputs:
----------------------------------------------------------------------
7: Give three tips for staying healthy.
1. Eat healthy. 2. Exercise. 3. Don't be a dick.                                                                          
----------------------------------------------------------------------

Outputs:
----------------------------------------------------------------------
8: Give three tips for staying healthy.
1. Eat healthy. 2. Exercise. 3. Don't be a dick.                                                                          
----------------------------------------------------------------------

Outputs:
----------------------------------------------------------------------
9: Give three tips for staying healthy.
1. Eat healthy. 2. Exercise. 3. Don't be a dick.                                                                          
----------------------------------------------------------------------

Outputs:
----------------------------------------------------------------------
10: Give three tips for staying healthy.
1. Eat healthy. 2. Exercise. 3. Don't be a dick.                                                                          
----------------------------------------------------------------------

Outputs:
----------------------------------------------------------------------
11: Give three tips for staying healthy.
1. Eat healthy. 2. Exercise. 3. Don't be a dick.                                                                          
----------------------------------------------------------------------

Outputs:
----------------------------------------------------------------------
12: Give three tips for staying healthy.
1. Eat healthy. 2. Exercise. 3. Don't be a dick.                                                                          
----------------------------------------------------------------------

Outputs:
----------------------------------------------------------------------
13: Give three tips for staying healthy.
1. Eat healthy. 2. Exercise. 3. Don't be a dick.                                                                          
----------------------------------------------------------------------

Outputs:
----------------------------------------------------------------------
14: Give three tips for staying healthy.
1. Eat healthy. 2. Exercise. 3. Don't be a dick.                                                                          
----------------------------------------------------------------------

Outputs:
----------------------------------------------------------------------
15: Give three tips for staying healthy.
1. Eat healthy. 2. Exercise. 3. Don't be a dick.                                                                          
----------------------------------------------------------------------

TorchDevice: cuda:0
  cur_mem: 0.0079 GB,  peak_mem: 4.1333 GB
TorchDevice: cpu
  cur_mem: 56.5031 GB,  peak_mem: 0.0000 GB
model size: 55.803 GB	cache size: 2.625 GB	hidden size (p): 0.027 GB
peak gpu mem: 4.133 GB	projected: False
prefill latency: 4.519 s	prefill throughput: 127.457 token/s
decode latency: 410.418 s	decode throughput: 3.548 token/s
total latency: 414.937 s	total throughput: 3.548 token/s
