batch_size: 32 args.overlap: True , args.cut_gen_len: 5
<run_flexgen>: args.model: facebook/opt-30b
gen_len:92 and cut_gen_len:5
get_test_inputs, prompt_len:32 and batch_size:32
prompts:['Give three tips for staying healthy.', 'Give three tips for staying healthy.', 'Give three tips for staying healthy.', 'Give three tips for staying healthy.', 'Give three tips for staying healthy.', 'Give three tips for staying healthy.', 'Give three tips for staying healthy.', 'Give three tips for staying healthy.', 'Give three tips for staying healthy.', 'Give three tips for staying healthy.', 'Give three tips for staying healthy.', 'Give three tips for staying healthy.', 'Give three tips for staying healthy.', 'Give three tips for staying healthy.', 'Give three tips for staying healthy.', 'Give three tips for staying healthy.', 'Give three tips for staying healthy.', 'Give three tips for staying healthy.', 'Give three tips for staying healthy.', 'Give three tips for staying healthy.', 'Give three tips for staying healthy.', 'Give three tips for staying healthy.', 'Give three tips for staying healthy.', 'Give three tips for staying healthy.', 'Give three tips for staying healthy.', 'Give three tips for staying healthy.', 'Give three tips for staying healthy.', 'Give three tips for staying healthy.', 'Give three tips for staying healthy.', 'Give three tips for staying healthy.', 'Give three tips for staying healthy.', 'Give three tips for staying healthy.']
len(prompt):36
len(prompt):36
len(prompt):36
len(prompt):36
len(prompt):36
len(prompt):36
len(prompt):36
len(prompt):36
len(prompt):36
len(prompt):36
len(prompt):36
len(prompt):36
len(prompt):36
len(prompt):36
len(prompt):36
len(prompt):36
len(prompt):36
len(prompt):36
len(prompt):36
len(prompt):36
len(prompt):36
len(prompt):36
len(prompt):36
len(prompt):36
len(prompt):36
len(prompt):36
len(prompt):36
len(prompt):36
len(prompt):36
len(prompt):36
len(prompt):36
len(prompt):36
input_prompt:36
input_prompt:36
input_prompt:36
input_prompt:36
input_prompt:36
input_prompt:36
input_prompt:36
input_prompt:36
input_prompt:36
input_prompt:36
input_prompt:36
input_prompt:36
input_prompt:36
input_prompt:36
input_prompt:36
input_prompt:36
input_prompt:36
input_prompt:36
input_prompt:36
input_prompt:36
input_prompt:36
input_prompt:36
input_prompt:36
input_prompt:36
input_prompt:36
input_prompt:36
input_prompt:36
input_prompt:36
input_prompt:36
input_prompt:36
input_prompt:36
input_prompt:36
input_ids:[[1, 1, 1, 1, 1, 1, 1, 1, 1, 1, 1, 1, 1, 1, 1, 1, 1, 1, 1, 1, 1, 1, 1, 1, 2, 31033, 130, 4965, 13, 4959, 2245, 4], [1, 1, 1, 1, 1, 1, 1, 1, 1, 1, 1, 1, 1, 1, 1, 1, 1, 1, 1, 1, 1, 1, 1, 1, 2, 31033, 130, 4965, 13, 4959, 2245, 4], [1, 1, 1, 1, 1, 1, 1, 1, 1, 1, 1, 1, 1, 1, 1, 1, 1, 1, 1, 1, 1, 1, 1, 1, 2, 31033, 130, 4965, 13, 4959, 2245, 4], [1, 1, 1, 1, 1, 1, 1, 1, 1, 1, 1, 1, 1, 1, 1, 1, 1, 1, 1, 1, 1, 1, 1, 1, 2, 31033, 130, 4965, 13, 4959, 2245, 4], [1, 1, 1, 1, 1, 1, 1, 1, 1, 1, 1, 1, 1, 1, 1, 1, 1, 1, 1, 1, 1, 1, 1, 1, 2, 31033, 130, 4965, 13, 4959, 2245, 4], [1, 1, 1, 1, 1, 1, 1, 1, 1, 1, 1, 1, 1, 1, 1, 1, 1, 1, 1, 1, 1, 1, 1, 1, 2, 31033, 130, 4965, 13, 4959, 2245, 4], [1, 1, 1, 1, 1, 1, 1, 1, 1, 1, 1, 1, 1, 1, 1, 1, 1, 1, 1, 1, 1, 1, 1, 1, 2, 31033, 130, 4965, 13, 4959, 2245, 4], [1, 1, 1, 1, 1, 1, 1, 1, 1, 1, 1, 1, 1, 1, 1, 1, 1, 1, 1, 1, 1, 1, 1, 1, 2, 31033, 130, 4965, 13, 4959, 2245, 4], [1, 1, 1, 1, 1, 1, 1, 1, 1, 1, 1, 1, 1, 1, 1, 1, 1, 1, 1, 1, 1, 1, 1, 1, 2, 31033, 130, 4965, 13, 4959, 2245, 4], [1, 1, 1, 1, 1, 1, 1, 1, 1, 1, 1, 1, 1, 1, 1, 1, 1, 1, 1, 1, 1, 1, 1, 1, 2, 31033, 130, 4965, 13, 4959, 2245, 4], [1, 1, 1, 1, 1, 1, 1, 1, 1, 1, 1, 1, 1, 1, 1, 1, 1, 1, 1, 1, 1, 1, 1, 1, 2, 31033, 130, 4965, 13, 4959, 2245, 4], [1, 1, 1, 1, 1, 1, 1, 1, 1, 1, 1, 1, 1, 1, 1, 1, 1, 1, 1, 1, 1, 1, 1, 1, 2, 31033, 130, 4965, 13, 4959, 2245, 4], [1, 1, 1, 1, 1, 1, 1, 1, 1, 1, 1, 1, 1, 1, 1, 1, 1, 1, 1, 1, 1, 1, 1, 1, 2, 31033, 130, 4965, 13, 4959, 2245, 4], [1, 1, 1, 1, 1, 1, 1, 1, 1, 1, 1, 1, 1, 1, 1, 1, 1, 1, 1, 1, 1, 1, 1, 1, 2, 31033, 130, 4965, 13, 4959, 2245, 4], [1, 1, 1, 1, 1, 1, 1, 1, 1, 1, 1, 1, 1, 1, 1, 1, 1, 1, 1, 1, 1, 1, 1, 1, 2, 31033, 130, 4965, 13, 4959, 2245, 4], [1, 1, 1, 1, 1, 1, 1, 1, 1, 1, 1, 1, 1, 1, 1, 1, 1, 1, 1, 1, 1, 1, 1, 1, 2, 31033, 130, 4965, 13, 4959, 2245, 4], [1, 1, 1, 1, 1, 1, 1, 1, 1, 1, 1, 1, 1, 1, 1, 1, 1, 1, 1, 1, 1, 1, 1, 1, 2, 31033, 130, 4965, 13, 4959, 2245, 4], [1, 1, 1, 1, 1, 1, 1, 1, 1, 1, 1, 1, 1, 1, 1, 1, 1, 1, 1, 1, 1, 1, 1, 1, 2, 31033, 130, 4965, 13, 4959, 2245, 4], [1, 1, 1, 1, 1, 1, 1, 1, 1, 1, 1, 1, 1, 1, 1, 1, 1, 1, 1, 1, 1, 1, 1, 1, 2, 31033, 130, 4965, 13, 4959, 2245, 4], [1, 1, 1, 1, 1, 1, 1, 1, 1, 1, 1, 1, 1, 1, 1, 1, 1, 1, 1, 1, 1, 1, 1, 1, 2, 31033, 130, 4965, 13, 4959, 2245, 4], [1, 1, 1, 1, 1, 1, 1, 1, 1, 1, 1, 1, 1, 1, 1, 1, 1, 1, 1, 1, 1, 1, 1, 1, 2, 31033, 130, 4965, 13, 4959, 2245, 4], [1, 1, 1, 1, 1, 1, 1, 1, 1, 1, 1, 1, 1, 1, 1, 1, 1, 1, 1, 1, 1, 1, 1, 1, 2, 31033, 130, 4965, 13, 4959, 2245, 4], [1, 1, 1, 1, 1, 1, 1, 1, 1, 1, 1, 1, 1, 1, 1, 1, 1, 1, 1, 1, 1, 1, 1, 1, 2, 31033, 130, 4965, 13, 4959, 2245, 4], [1, 1, 1, 1, 1, 1, 1, 1, 1, 1, 1, 1, 1, 1, 1, 1, 1, 1, 1, 1, 1, 1, 1, 1, 2, 31033, 130, 4965, 13, 4959, 2245, 4], [1, 1, 1, 1, 1, 1, 1, 1, 1, 1, 1, 1, 1, 1, 1, 1, 1, 1, 1, 1, 1, 1, 1, 1, 2, 31033, 130, 4965, 13, 4959, 2245, 4], [1, 1, 1, 1, 1, 1, 1, 1, 1, 1, 1, 1, 1, 1, 1, 1, 1, 1, 1, 1, 1, 1, 1, 1, 2, 31033, 130, 4965, 13, 4959, 2245, 4], [1, 1, 1, 1, 1, 1, 1, 1, 1, 1, 1, 1, 1, 1, 1, 1, 1, 1, 1, 1, 1, 1, 1, 1, 2, 31033, 130, 4965, 13, 4959, 2245, 4], [1, 1, 1, 1, 1, 1, 1, 1, 1, 1, 1, 1, 1, 1, 1, 1, 1, 1, 1, 1, 1, 1, 1, 1, 2, 31033, 130, 4965, 13, 4959, 2245, 4], [1, 1, 1, 1, 1, 1, 1, 1, 1, 1, 1, 1, 1, 1, 1, 1, 1, 1, 1, 1, 1, 1, 1, 1, 2, 31033, 130, 4965, 13, 4959, 2245, 4], [1, 1, 1, 1, 1, 1, 1, 1, 1, 1, 1, 1, 1, 1, 1, 1, 1, 1, 1, 1, 1, 1, 1, 1, 2, 31033, 130, 4965, 13, 4959, 2245, 4], [1, 1, 1, 1, 1, 1, 1, 1, 1, 1, 1, 1, 1, 1, 1, 1, 1, 1, 1, 1, 1, 1, 1, 1, 2, 31033, 130, 4965, 13, 4959, 2245, 4], [1, 1, 1, 1, 1, 1, 1, 1, 1, 1, 1, 1, 1, 1, 1, 1, 1, 1, 1, 1, 1, 1, 1, 1, 2, 31033, 130, 4965, 13, 4959, 2245, 4]]
get_test_inputs, prompt_len:36 and batch_size:32
prompts:['Give three tips for staying healthy.', 'Give three tips for staying healthy.', 'Give three tips for staying healthy.', 'Give three tips for staying healthy.', 'Give three tips for staying healthy.', 'Give three tips for staying healthy.', 'Give three tips for staying healthy.', 'Give three tips for staying healthy.', 'Give three tips for staying healthy.', 'Give three tips for staying healthy.', 'Give three tips for staying healthy.', 'Give three tips for staying healthy.', 'Give three tips for staying healthy.', 'Give three tips for staying healthy.', 'Give three tips for staying healthy.', 'Give three tips for staying healthy.', 'Give three tips for staying healthy.', 'Give three tips for staying healthy.', 'Give three tips for staying healthy.', 'Give three tips for staying healthy.', 'Give three tips for staying healthy.', 'Give three tips for staying healthy.', 'Give three tips for staying healthy.', 'Give three tips for staying healthy.', 'Give three tips for staying healthy.', 'Give three tips for staying healthy.', 'Give three tips for staying healthy.', 'Give three tips for staying healthy.', 'Give three tips for staying healthy.', 'Give three tips for staying healthy.', 'Give three tips for staying healthy.', 'Give three tips for staying healthy.']
len(prompt):36
len(prompt):36
len(prompt):36
len(prompt):36
len(prompt):36
len(prompt):36
len(prompt):36
len(prompt):36
len(prompt):36
len(prompt):36
len(prompt):36
len(prompt):36
len(prompt):36
len(prompt):36
len(prompt):36
len(prompt):36
len(prompt):36
len(prompt):36
len(prompt):36
len(prompt):36
len(prompt):36
len(prompt):36
len(prompt):36
len(prompt):36
len(prompt):36
len(prompt):36
len(prompt):36
len(prompt):36
len(prompt):36
len(prompt):36
len(prompt):36
len(prompt):36
input_prompt:36
input_prompt:36
input_prompt:36
input_prompt:36
input_prompt:36
input_prompt:36
input_prompt:36
input_prompt:36
input_prompt:36
input_prompt:36
input_prompt:36
input_prompt:36
input_prompt:36
input_prompt:36
input_prompt:36
input_prompt:36
input_prompt:36
input_prompt:36
input_prompt:36
input_prompt:36
input_prompt:36
input_prompt:36
input_prompt:36
input_prompt:36
input_prompt:36
input_prompt:36
input_prompt:36
input_prompt:36
input_prompt:36
input_prompt:36
input_prompt:36
input_prompt:36
input_ids:[[1, 1, 1, 1, 1, 1, 1, 1, 1, 1, 1, 1, 1, 1, 1, 1, 1, 1, 1, 1, 1, 1, 1, 1, 1, 1, 1, 1, 2, 31033, 130, 4965, 13, 4959, 2245, 4], [1, 1, 1, 1, 1, 1, 1, 1, 1, 1, 1, 1, 1, 1, 1, 1, 1, 1, 1, 1, 1, 1, 1, 1, 1, 1, 1, 1, 2, 31033, 130, 4965, 13, 4959, 2245, 4], [1, 1, 1, 1, 1, 1, 1, 1, 1, 1, 1, 1, 1, 1, 1, 1, 1, 1, 1, 1, 1, 1, 1, 1, 1, 1, 1, 1, 2, 31033, 130, 4965, 13, 4959, 2245, 4], [1, 1, 1, 1, 1, 1, 1, 1, 1, 1, 1, 1, 1, 1, 1, 1, 1, 1, 1, 1, 1, 1, 1, 1, 1, 1, 1, 1, 2, 31033, 130, 4965, 13, 4959, 2245, 4], [1, 1, 1, 1, 1, 1, 1, 1, 1, 1, 1, 1, 1, 1, 1, 1, 1, 1, 1, 1, 1, 1, 1, 1, 1, 1, 1, 1, 2, 31033, 130, 4965, 13, 4959, 2245, 4], [1, 1, 1, 1, 1, 1, 1, 1, 1, 1, 1, 1, 1, 1, 1, 1, 1, 1, 1, 1, 1, 1, 1, 1, 1, 1, 1, 1, 2, 31033, 130, 4965, 13, 4959, 2245, 4], [1, 1, 1, 1, 1, 1, 1, 1, 1, 1, 1, 1, 1, 1, 1, 1, 1, 1, 1, 1, 1, 1, 1, 1, 1, 1, 1, 1, 2, 31033, 130, 4965, 13, 4959, 2245, 4], [1, 1, 1, 1, 1, 1, 1, 1, 1, 1, 1, 1, 1, 1, 1, 1, 1, 1, 1, 1, 1, 1, 1, 1, 1, 1, 1, 1, 2, 31033, 130, 4965, 13, 4959, 2245, 4], [1, 1, 1, 1, 1, 1, 1, 1, 1, 1, 1, 1, 1, 1, 1, 1, 1, 1, 1, 1, 1, 1, 1, 1, 1, 1, 1, 1, 2, 31033, 130, 4965, 13, 4959, 2245, 4], [1, 1, 1, 1, 1, 1, 1, 1, 1, 1, 1, 1, 1, 1, 1, 1, 1, 1, 1, 1, 1, 1, 1, 1, 1, 1, 1, 1, 2, 31033, 130, 4965, 13, 4959, 2245, 4], [1, 1, 1, 1, 1, 1, 1, 1, 1, 1, 1, 1, 1, 1, 1, 1, 1, 1, 1, 1, 1, 1, 1, 1, 1, 1, 1, 1, 2, 31033, 130, 4965, 13, 4959, 2245, 4], [1, 1, 1, 1, 1, 1, 1, 1, 1, 1, 1, 1, 1, 1, 1, 1, 1, 1, 1, 1, 1, 1, 1, 1, 1, 1, 1, 1, 2, 31033, 130, 4965, 13, 4959, 2245, 4], [1, 1, 1, 1, 1, 1, 1, 1, 1, 1, 1, 1, 1, 1, 1, 1, 1, 1, 1, 1, 1, 1, 1, 1, 1, 1, 1, 1, 2, 31033, 130, 4965, 13, 4959, 2245, 4], [1, 1, 1, 1, 1, 1, 1, 1, 1, 1, 1, 1, 1, 1, 1, 1, 1, 1, 1, 1, 1, 1, 1, 1, 1, 1, 1, 1, 2, 31033, 130, 4965, 13, 4959, 2245, 4], [1, 1, 1, 1, 1, 1, 1, 1, 1, 1, 1, 1, 1, 1, 1, 1, 1, 1, 1, 1, 1, 1, 1, 1, 1, 1, 1, 1, 2, 31033, 130, 4965, 13, 4959, 2245, 4], [1, 1, 1, 1, 1, 1, 1, 1, 1, 1, 1, 1, 1, 1, 1, 1, 1, 1, 1, 1, 1, 1, 1, 1, 1, 1, 1, 1, 2, 31033, 130, 4965, 13, 4959, 2245, 4], [1, 1, 1, 1, 1, 1, 1, 1, 1, 1, 1, 1, 1, 1, 1, 1, 1, 1, 1, 1, 1, 1, 1, 1, 1, 1, 1, 1, 2, 31033, 130, 4965, 13, 4959, 2245, 4], [1, 1, 1, 1, 1, 1, 1, 1, 1, 1, 1, 1, 1, 1, 1, 1, 1, 1, 1, 1, 1, 1, 1, 1, 1, 1, 1, 1, 2, 31033, 130, 4965, 13, 4959, 2245, 4], [1, 1, 1, 1, 1, 1, 1, 1, 1, 1, 1, 1, 1, 1, 1, 1, 1, 1, 1, 1, 1, 1, 1, 1, 1, 1, 1, 1, 2, 31033, 130, 4965, 13, 4959, 2245, 4], [1, 1, 1, 1, 1, 1, 1, 1, 1, 1, 1, 1, 1, 1, 1, 1, 1, 1, 1, 1, 1, 1, 1, 1, 1, 1, 1, 1, 2, 31033, 130, 4965, 13, 4959, 2245, 4], [1, 1, 1, 1, 1, 1, 1, 1, 1, 1, 1, 1, 1, 1, 1, 1, 1, 1, 1, 1, 1, 1, 1, 1, 1, 1, 1, 1, 2, 31033, 130, 4965, 13, 4959, 2245, 4], [1, 1, 1, 1, 1, 1, 1, 1, 1, 1, 1, 1, 1, 1, 1, 1, 1, 1, 1, 1, 1, 1, 1, 1, 1, 1, 1, 1, 2, 31033, 130, 4965, 13, 4959, 2245, 4], [1, 1, 1, 1, 1, 1, 1, 1, 1, 1, 1, 1, 1, 1, 1, 1, 1, 1, 1, 1, 1, 1, 1, 1, 1, 1, 1, 1, 2, 31033, 130, 4965, 13, 4959, 2245, 4], [1, 1, 1, 1, 1, 1, 1, 1, 1, 1, 1, 1, 1, 1, 1, 1, 1, 1, 1, 1, 1, 1, 1, 1, 1, 1, 1, 1, 2, 31033, 130, 4965, 13, 4959, 2245, 4], [1, 1, 1, 1, 1, 1, 1, 1, 1, 1, 1, 1, 1, 1, 1, 1, 1, 1, 1, 1, 1, 1, 1, 1, 1, 1, 1, 1, 2, 31033, 130, 4965, 13, 4959, 2245, 4], [1, 1, 1, 1, 1, 1, 1, 1, 1, 1, 1, 1, 1, 1, 1, 1, 1, 1, 1, 1, 1, 1, 1, 1, 1, 1, 1, 1, 2, 31033, 130, 4965, 13, 4959, 2245, 4], [1, 1, 1, 1, 1, 1, 1, 1, 1, 1, 1, 1, 1, 1, 1, 1, 1, 1, 1, 1, 1, 1, 1, 1, 1, 1, 1, 1, 2, 31033, 130, 4965, 13, 4959, 2245, 4], [1, 1, 1, 1, 1, 1, 1, 1, 1, 1, 1, 1, 1, 1, 1, 1, 1, 1, 1, 1, 1, 1, 1, 1, 1, 1, 1, 1, 2, 31033, 130, 4965, 13, 4959, 2245, 4], [1, 1, 1, 1, 1, 1, 1, 1, 1, 1, 1, 1, 1, 1, 1, 1, 1, 1, 1, 1, 1, 1, 1, 1, 1, 1, 1, 1, 2, 31033, 130, 4965, 13, 4959, 2245, 4], [1, 1, 1, 1, 1, 1, 1, 1, 1, 1, 1, 1, 1, 1, 1, 1, 1, 1, 1, 1, 1, 1, 1, 1, 1, 1, 1, 1, 2, 31033, 130, 4965, 13, 4959, 2245, 4], [1, 1, 1, 1, 1, 1, 1, 1, 1, 1, 1, 1, 1, 1, 1, 1, 1, 1, 1, 1, 1, 1, 1, 1, 1, 1, 1, 1, 2, 31033, 130, 4965, 13, 4959, 2245, 4], [1, 1, 1, 1, 1, 1, 1, 1, 1, 1, 1, 1, 1, 1, 1, 1, 1, 1, 1, 1, 1, 1, 1, 1, 1, 1, 1, 1, 2, 31033, 130, 4965, 13, 4959, 2245, 4]]
model size: 55.803 GB, cache size: 5.250 GB, hidden size (prefill): 0.055 GB
init weight...
num_layers:98 and num_gpu_batches:1
dtype:<class 'numpy.float16'>
dtype:<class 'numpy.float16'>
dtype:<class 'numpy.float16'>
dtype:<class 'numpy.float16'>
dtype:<class 'numpy.float16'>
dtype:<class 'numpy.float16'>
dtype:<class 'numpy.float16'>
dtype:<class 'numpy.float16'>
dtype:<class 'numpy.float16'>
dtype:<class 'numpy.float16'>
dtype:<class 'numpy.float16'>
dtype:<class 'numpy.float16'>
dtype:<class 'numpy.float16'>
dtype:<class 'numpy.float16'>
dtype:<class 'numpy.float16'>
dtype:<class 'numpy.float16'>
dtype:<class 'numpy.float16'>
dtype:<class 'numpy.float16'>
dtype:<class 'numpy.float16'>
dtype:<class 'numpy.float16'>
dtype:<class 'numpy.float16'>
dtype:<class 'numpy.float16'>
dtype:<class 'numpy.float16'>
dtype:<class 'numpy.float16'>
dtype:<class 'numpy.float16'>
dtype:<class 'numpy.float16'>
dtype:<class 'numpy.float16'>
dtype:<class 'numpy.float16'>
dtype:<class 'numpy.float16'>
dtype:<class 'numpy.float16'>
dtype:<class 'numpy.float16'>
dtype:<class 'numpy.float16'>
dtype:<class 'numpy.float16'>
dtype:<class 'numpy.float16'>
dtype:<class 'numpy.float16'>
dtype:<class 'numpy.float16'>
dtype:<class 'numpy.float16'>
dtype:<class 'numpy.float16'>
dtype:<class 'numpy.float16'>
dtype:<class 'numpy.float16'>
dtype:<class 'numpy.float16'>
dtype:<class 'numpy.float16'>
dtype:<class 'numpy.float16'>
dtype:<class 'numpy.float16'>
dtype:<class 'numpy.float16'>
dtype:<class 'numpy.float16'>
dtype:<class 'numpy.float16'>
dtype:<class 'numpy.float16'>
warmup - generate
benchmark - generate
num_prompts:32 and gen_len:92 and decode_latency:410.41390645700267 
Outputs:
----------------------------------------------------------------------
0: Give three tips for staying healthy.
1. Eat healthy. 2. Exercise. 3. Don't be a dick.                                                                          
----------------------------------------------------------------------

Outputs:
----------------------------------------------------------------------
1: Give three tips for staying healthy.
1. Eat healthy. 2. Exercise. 3. Don't be a dick.                                                                          
----------------------------------------------------------------------

Outputs:
----------------------------------------------------------------------
2: Give three tips for staying healthy.
1. Eat healthy. 2. Exercise. 3. Don't be a dick.                                                                          
----------------------------------------------------------------------

Outputs:
----------------------------------------------------------------------
3: Give three tips for staying healthy.
1. Eat healthy. 2. Exercise. 3. Don't be a dick.                                                                          
----------------------------------------------------------------------

Outputs:
----------------------------------------------------------------------
4: Give three tips for staying healthy.
1. Eat healthy. 2. Exercise. 3. Don't be a dick.                                                                          
----------------------------------------------------------------------

Outputs:
----------------------------------------------------------------------
5: Give three tips for staying healthy.
1. Eat healthy. 2. Exercise. 3. Don't be a dick.                                                                          
----------------------------------------------------------------------

Outputs:
----------------------------------------------------------------------
6: Give three tips for staying healthy.
1. Eat healthy. 2. Exercise. 3. Don't be a dick.                                                                          
----------------------------------------------------------------------

Outputs:
----------------------------------------------------------------------
7: Give three tips for staying healthy.
1. Eat healthy. 2. Exercise. 3. Don't be a dick.                                                                          
----------------------------------------------------------------------

Outputs:
----------------------------------------------------------------------
8: Give three tips for staying healthy.
1. Eat healthy. 2. Exercise. 3. Don't be a dick.                                                                          
----------------------------------------------------------------------

Outputs:
----------------------------------------------------------------------
9: Give three tips for staying healthy.
1. Eat healthy. 2. Exercise. 3. Don't be a dick.                                                                          
----------------------------------------------------------------------

Outputs:
----------------------------------------------------------------------
10: Give three tips for staying healthy.
1. Eat healthy. 2. Exercise. 3. Don't be a dick.                                                                          
----------------------------------------------------------------------

Outputs:
----------------------------------------------------------------------
11: Give three tips for staying healthy.
1. Eat healthy. 2. Exercise. 3. Don't be a dick.                                                                          
----------------------------------------------------------------------

Outputs:
----------------------------------------------------------------------
12: Give three tips for staying healthy.
1. Eat healthy. 2. Exercise. 3. Don't be a dick.                                                                          
----------------------------------------------------------------------

Outputs:
----------------------------------------------------------------------
13: Give three tips for staying healthy.
1. Eat healthy. 2. Exercise. 3. Don't be a dick.                                                                          
----------------------------------------------------------------------

Outputs:
----------------------------------------------------------------------
14: Give three tips for staying healthy.
1. Eat healthy. 2. Exercise. 3. Don't be a dick.                                                                          
----------------------------------------------------------------------

Outputs:
----------------------------------------------------------------------
15: Give three tips for staying healthy.
1. Eat healthy. 2. Exercise. 3. Don't be a dick.                                                                          
----------------------------------------------------------------------

Outputs:
----------------------------------------------------------------------
16: Give three tips for staying healthy.
1. Eat healthy. 2. Exercise. 3. Don't be a dick.                                                                          
----------------------------------------------------------------------

Outputs:
----------------------------------------------------------------------
17: Give three tips for staying healthy.
1. Eat healthy. 2. Exercise. 3. Don't be a dick.                                                                          
----------------------------------------------------------------------

Outputs:
----------------------------------------------------------------------
18: Give three tips for staying healthy.
1. Eat healthy. 2. Exercise. 3. Don't be a dick.                                                                          
----------------------------------------------------------------------

Outputs:
----------------------------------------------------------------------
19: Give three tips for staying healthy.
1. Eat healthy. 2. Exercise. 3. Don't be a dick.                                                                          
----------------------------------------------------------------------

Outputs:
----------------------------------------------------------------------
20: Give three tips for staying healthy.
1. Eat healthy. 2. Exercise. 3. Don't be a dick.                                                                          
----------------------------------------------------------------------

Outputs:
----------------------------------------------------------------------
21: Give three tips for staying healthy.
1. Eat healthy. 2. Exercise. 3. Don't be a dick.                                                                          
----------------------------------------------------------------------

Outputs:
----------------------------------------------------------------------
22: Give three tips for staying healthy.
1. Eat healthy. 2. Exercise. 3. Don't be a dick.                                                                          
----------------------------------------------------------------------

Outputs:
----------------------------------------------------------------------
23: Give three tips for staying healthy.
1. Eat healthy. 2. Exercise. 3. Don't be a dick.                                                                          
----------------------------------------------------------------------

Outputs:
----------------------------------------------------------------------
24: Give three tips for staying healthy.
1. Eat healthy. 2. Exercise. 3. Don't be a dick.                                                                          
----------------------------------------------------------------------

Outputs:
----------------------------------------------------------------------
25: Give three tips for staying healthy.
1. Eat healthy. 2. Exercise. 3. Don't be a dick.                                                                          
----------------------------------------------------------------------

Outputs:
----------------------------------------------------------------------
26: Give three tips for staying healthy.
1. Eat healthy. 2. Exercise. 3. Don't be a dick.                                                                          
----------------------------------------------------------------------

Outputs:
----------------------------------------------------------------------
27: Give three tips for staying healthy.
1. Eat healthy. 2. Exercise. 3. Don't be a dick.                                                                          
----------------------------------------------------------------------

Outputs:
----------------------------------------------------------------------
28: Give three tips for staying healthy.
1. Eat healthy. 2. Exercise. 3. Don't be a dick.                                                                          
----------------------------------------------------------------------

Outputs:
----------------------------------------------------------------------
29: Give three tips for staying healthy.
1. Eat healthy. 2. Exercise. 3. Don't be a dick.                                                                          
----------------------------------------------------------------------

Outputs:
----------------------------------------------------------------------
30: Give three tips for staying healthy.
1. Eat healthy. 2. Exercise. 3. Don't be a dick.                                                                          
----------------------------------------------------------------------

Outputs:
----------------------------------------------------------------------
31: Give three tips for staying healthy.
1. Eat healthy. 2. Exercise. 3. Don't be a dick.                                                                          
----------------------------------------------------------------------

TorchDevice: cuda:0
  cur_mem: 0.0079 GB,  peak_mem: 6.8211 GB
TorchDevice: cpu
  cur_mem: 56.5031 GB,  peak_mem: 0.0000 GB
/home/ubuntu/.local/lib/python3.8/site-packages/torch/distributed/distributed_c10d.py:293: UserWarning: torch.distributed.reduce_op is deprecated, please use torch.distributed.ReduceOp instead
  warnings.warn(
/home/ubuntu/flexgen/flexgen/utils.py:132: UserWarning: TypedStorage is deprecated. It will be removed in the future and UntypedStorage will be the only storage class. This should only matter to you if you are using storages directly.  To access UntypedStorage directly, use tensor.untyped_storage() instead of tensor.storage()
  data_ptr = tensor.storage().data_ptr()
model size: 55.803 GB	cache size: 5.250 GB	hidden size (p): 0.055 GB
peak gpu mem: 6.821 GB	projected: False
prefill latency: 4.520 s	prefill throughput: 254.886 token/s
decode latency: 410.414 s	decode throughput: 7.095 token/s
total latency: 414.934 s	total throughput: 7.095 token/s
