/home/lambda/.local/lib/python3.10/site-packages/torch/distributed/distributed_c10d.py:262: UserWarning: torch.distributed.reduce_op is deprecated, please use torch.distributed.ReduceOp instead
  warnings.warn(
batch_size: 1 args.overlap: True , args.cut_gen_len: 5
<run_flexgen>: args.model: facebook/opt-6.7b
get_test_inputs, prompt_len:32 and batch_size:1
prompts:['Write a detailed product description for a food chopper tool that lets you chop fruits and vegetables.']
len(prompt):102
input_prompt:102
get_test_inputs, prompt_len:64 and batch_size:1
prompts:['Write a detailed product description for a food chopper tool that lets you chop fruits and vegetables.']
len(prompt):102
input_prompt:102
model size: 12.386 GB, cache size: 0.094 GB, hidden size (prefill): 0.001 GB
init weight...
warmup - generate
benchmark - generate
decode_costs: [2.198369972000364, 2.1941132310003013, 2.1938934860008885, 2.1270943760009686]
Outputs:
----------------------------------------------------------------------
0: Write a detailed product description for a food chopper tool that lets you chop fruits and vegetables.

Write a detailed
----------------------------------------------------------------------

TorchDevice: cuda:0
  cur_mem: 0.0000 GB,  peak_mem: 0.8848 GB
TorchDevice: cpu
  cur_mem: 12.7859 GB,  peak_mem: 0.0000 GB
model size: 12.386 GB	cache size: 0.094 GB	hidden size (p): 0.001 GB
peak gpu mem: 0.885 GB	projected: True
prefill latency: 2.195 s	prefill throughput: 29.159 token/s
decode latency: 274.454 s	decode throughput: 0.463 token/s
total latency: 276.649 s	total throughput: 0.463 token/s
